c:\users\jakes\onedrive\desktop\redogames\year1_game\flappy_bird\lib\sfml\src\sfml\system\sfml-system.dir\debug\vc143.pdb
c:\users\jakes\onedrive\desktop\redogames\year1_game\flappy_bird\lib\sfml\src\sfml\system\sfml-system.dir\debug\threadlocalimpl.obj
c:\users\jakes\onedrive\desktop\redogames\year1_game\flappy_bird\lib\sfml\src\sfml\system\sfml-system.dir\debug\threadimpl.obj
c:\users\jakes\onedrive\desktop\redogames\year1_game\flappy_bird\lib\sfml\src\sfml\system\sfml-system.dir\debug\sleepimpl.obj
c:\users\jakes\onedrive\desktop\redogames\year1_game\flappy_bird\lib\sfml\src\sfml\system\sfml-system.dir\debug\muteximpl.obj
c:\users\jakes\onedrive\desktop\redogames\year1_game\flappy_bird\lib\sfml\src\sfml\system\sfml-system.dir\debug\clockimpl.obj
c:\users\jakes\onedrive\desktop\redogames\year1_game\flappy_bird\lib\sfml\src\sfml\system\sfml-system.dir\debug\memoryinputstream.obj
c:\users\jakes\onedrive\desktop\redogames\year1_game\flappy_bird\lib\sfml\src\sfml\system\sfml-system.dir\debug\fileinputstream.obj
c:\users\jakes\onedrive\desktop\redogames\year1_game\flappy_bird\lib\sfml\src\sfml\system\sfml-system.dir\debug\time.obj
c:\users\jakes\onedrive\desktop\redogames\year1_game\flappy_bird\lib\sfml\src\sfml\system\sfml-system.dir\debug\threadlocal.obj
c:\users\jakes\onedrive\desktop\redogames\year1_game\flappy_bird\lib\sfml\src\sfml\system\sfml-system.dir\debug\thread.obj
c:\users\jakes\onedrive\desktop\redogames\year1_game\flappy_bird\lib\sfml\src\sfml\system\sfml-system.dir\debug\string.obj
c:\users\jakes\onedrive\desktop\redogames\year1_game\flappy_bird\lib\sfml\src\sfml\system\sfml-system.dir\debug\sleep.obj
c:\users\jakes\onedrive\desktop\redogames\year1_game\flappy_bird\lib\sfml\src\sfml\system\sfml-system.dir\debug\mutex.obj
c:\users\jakes\onedrive\desktop\redogames\year1_game\flappy_bird\lib\sfml\src\sfml\system\sfml-system.dir\debug\lock.obj
c:\users\jakes\onedrive\desktop\redogames\year1_game\flappy_bird\lib\sfml\src\sfml\system\sfml-system.dir\debug\err.obj
c:\users\jakes\onedrive\desktop\redogames\year1_game\flappy_bird\lib\sfml\src\sfml\system\sfml-system.dir\debug\clock.obj
c:\users\jakes\onedrive\desktop\redogames\year1_game\flappy_bird\lib\sfml\src\sfml\system\cmakefiles\generate.stamp
c:\users\jakes\onedrive\desktop\redogames\year1_game\flappy_bird\bin\debug\sfml-system-d-2.dll
c:\users\jakes\onedrive\desktop\redogames\year1_game\flappy_bird\lib\sfml\lib\debug\sfml-system.pdb
c:\users\jakes\onedrive\desktop\redogames\year1_game\flappy_bird\lib\sfml\src\sfml\system\sfml-system.dir\debug\sfml-system.res
c:\users\jakes\onedrive\desktop\redogames\year1_game\flappy_bird\lib\sfml\lib\debug\sfml-system-d.lib
c:\users\jakes\onedrive\desktop\redogames\year1_game\flappy_bird\lib\sfml\lib\debug\sfml-system-d.exp
c:\users\jakes\onedrive\desktop\redogames\year1_game\flappy_bird\lib\sfml\src\sfml\system\sfml-system.dir\debug\sfml-system-d-2.ilk
c:\users\jakes\onedrive\desktop\redogames\year1_game\flappy_bird\lib\sfml\src\sfml\system\sfml-system.dir\debug\sfml-system.tlog\cl.command.1.tlog
c:\users\jakes\onedrive\desktop\redogames\year1_game\flappy_bird\lib\sfml\src\sfml\system\sfml-system.dir\debug\sfml-system.tlog\cl.items.tlog
c:\users\jakes\onedrive\desktop\redogames\year1_game\flappy_bird\lib\sfml\src\sfml\system\sfml-system.dir\debug\sfml-system.tlog\cl.read.1.tlog
c:\users\jakes\onedrive\desktop\redogames\year1_game\flappy_bird\lib\sfml\src\sfml\system\sfml-system.dir\debug\sfml-system.tlog\cl.write.1.tlog
c:\users\jakes\onedrive\desktop\redogames\year1_game\flappy_bird\lib\sfml\src\sfml\system\sfml-system.dir\debug\sfml-system.tlog\custombuild.command.1.tlog
c:\users\jakes\onedrive\desktop\redogames\year1_game\flappy_bird\lib\sfml\src\sfml\system\sfml-system.dir\debug\sfml-system.tlog\custombuild.read.1.tlog
c:\users\jakes\onedrive\desktop\redogames\year1_game\flappy_bird\lib\sfml\src\sfml\system\sfml-system.dir\debug\sfml-system.tlog\custombuild.write.1.tlog
c:\users\jakes\onedrive\desktop\redogames\year1_game\flappy_bird\lib\sfml\src\sfml\system\sfml-system.dir\debug\sfml-system.tlog\link.command.1.tlog
c:\users\jakes\onedrive\desktop\redogames\year1_game\flappy_bird\lib\sfml\src\sfml\system\sfml-system.dir\debug\sfml-system.tlog\link.read.1.tlog
c:\users\jakes\onedrive\desktop\redogames\year1_game\flappy_bird\lib\sfml\src\sfml\system\sfml-system.dir\debug\sfml-system.tlog\link.secondary.1.tlog
c:\users\jakes\onedrive\desktop\redogames\year1_game\flappy_bird\lib\sfml\src\sfml\system\sfml-system.dir\debug\sfml-system.tlog\link.write.1.tlog
c:\users\jakes\onedrive\desktop\redogames\year1_game\flappy_bird\lib\sfml\src\sfml\system\sfml-system.dir\debug\sfml-system.tlog\rc.command.1.tlog
c:\users\jakes\onedrive\desktop\redogames\year1_game\flappy_bird\lib\sfml\src\sfml\system\sfml-system.dir\debug\sfml-system.tlog\rc.read.1.tlog
c:\users\jakes\onedrive\desktop\redogames\year1_game\flappy_bird\lib\sfml\src\sfml\system\sfml-system.dir\debug\sfml-system.tlog\rc.write.1.tlog
