  Building Custom Rule C:/Users/jakes/OneDrive/Desktop/RedoGames/year1_game/CMakeLists.txt
  AssetManager.cpp
  Bird.cpp
  Collision.cpp
  Flash.cpp
C:\Users\jakes\OneDrive\Desktop\RedoGames\year1_game\flappy_bird\Flash.cpp(21,14): warning C4244: 'initializing': conversion from 'float' to 'int', possible loss of data
C:\Users\jakes\OneDrive\Desktop\RedoGames\year1_game\flappy_bird\Flash.cpp(24,13): warning C4244: '=': conversion from 'float' to 'int', possible loss of data
C:\Users\jakes\OneDrive\Desktop\RedoGames\year1_game\flappy_bird\Flash.cpp(32,14): warning C4244: 'initializing': conversion from 'float' to 'int', possible loss of data
C:\Users\jakes\OneDrive\Desktop\RedoGames\year1_game\flappy_bird\Flash.cpp(35,13): warning C4244: '=': conversion from 'float' to 'int', possible loss of data
  Game.cpp
C:\Users\jakes\OneDrive\Desktop\RedoGames\year1_game\flappy_bird\Game.cpp(11,13): warning C4244: 'argument': conversion from 'time_t' to 'unsigned int', possible loss of data
  GameOverState.cpp
C:\Users\jakes\OneDrive\Desktop\RedoGames\year1_game\flappy_bird\GameOverState.cpp(74,34): warning C4244: 'argument': conversion from 'double' to 'float', possible loss of data
C:\Users\jakes\OneDrive\Desktop\RedoGames\year1_game\flappy_bird\GameOverState.cpp(79,34): warning C4244: 'argument': conversion from 'double' to 'float', possible loss of data
C:\Users\jakes\OneDrive\Desktop\RedoGames\year1_game\flappy_bird\GameOverState.cpp(94,30): warning C4244: 'argument': conversion from 'double' to 'float', possible loss of data
C:\Users\jakes\OneDrive\Desktop\RedoGames\year1_game\flappy_bird\GameOverState.cpp(93,35): warning C4244: 'argument': conversion from 'double' to 'float', possible loss of data
C:\Users\jakes\OneDrive\Desktop\RedoGames\year1_game\flappy_bird\GameOverState.cpp(109,30): warning C4244: 'argument': conversion from 'double' to 'float', possible loss of data
C:\Users\jakes\OneDrive\Desktop\RedoGames\year1_game\flappy_bird\GameOverState.cpp(108,35): warning C4244: 'argument': conversion from 'double' to 'float', possible loss of data
  GameState.cpp
  HUD.cpp
C:\Users\jakes\OneDrive\Desktop\RedoGames\year1_game\flappy_bird\HUD.cpp(22,30): warning C4244: 'argument': conversion from 'T' to 'float', possible loss of data
C:\Users\jakes\OneDrive\Desktop\RedoGames\year1_game\flappy_bird\HUD.cpp(22,30): warning C4244:         with
C:\Users\jakes\OneDrive\Desktop\RedoGames\year1_game\flappy_bird\HUD.cpp(22,30): warning C4244:         [
C:\Users\jakes\OneDrive\Desktop\RedoGames\year1_game\flappy_bird\HUD.cpp(22,30): warning C4244:             T=unsigned int
C:\Users\jakes\OneDrive\Desktop\RedoGames\year1_game\flappy_bird\HUD.cpp(22,30): warning C4244:         ]
C:\Users\jakes\OneDrive\Desktop\RedoGames\year1_game\flappy_bird\HUD.cpp(21,30): warning C4244: 'argument': conversion from 'T' to 'float', possible loss of data
C:\Users\jakes\OneDrive\Desktop\RedoGames\year1_game\flappy_bird\HUD.cpp(21,30): warning C4244:         with
C:\Users\jakes\OneDrive\Desktop\RedoGames\year1_game\flappy_bird\HUD.cpp(21,30): warning C4244:         [
C:\Users\jakes\OneDrive\Desktop\RedoGames\year1_game\flappy_bird\HUD.cpp(21,30): warning C4244:             T=unsigned int
C:\Users\jakes\OneDrive\Desktop\RedoGames\year1_game\flappy_bird\HUD.cpp(21,30): warning C4244:         ]
  InputManager.cpp
C:\Users\jakes\OneDrive\Desktop\RedoGames\year1_game\flappy_bird\InputManager.cpp(22,29): warning C4244: 'argument': conversion from 'T' to 'T', possible loss of data
C:\Users\jakes\OneDrive\Desktop\RedoGames\year1_game\flappy_bird\InputManager.cpp(22,29): warning C4244:         with
C:\Users\jakes\OneDrive\Desktop\RedoGames\year1_game\flappy_bird\InputManager.cpp(22,29): warning C4244:         [
C:\Users\jakes\OneDrive\Desktop\RedoGames\year1_game\flappy_bird\InputManager.cpp(22,29): warning C4244:             T=float
C:\Users\jakes\OneDrive\Desktop\RedoGames\year1_game\flappy_bird\InputManager.cpp(22,29): warning C4244:         ]
C:\Users\jakes\OneDrive\Desktop\RedoGames\year1_game\flappy_bird\InputManager.cpp(22,29): warning C4244:         and
C:\Users\jakes\OneDrive\Desktop\RedoGames\year1_game\flappy_bird\InputManager.cpp(22,29): warning C4244:         [
C:\Users\jakes\OneDrive\Desktop\RedoGames\year1_game\flappy_bird\InputManager.cpp(22,29): warning C4244:             T=int
C:\Users\jakes\OneDrive\Desktop\RedoGames\year1_game\flappy_bird\InputManager.cpp(22,29): warning C4244:         ]
C:\Users\jakes\OneDrive\Desktop\RedoGames\year1_game\flappy_bird\InputManager.cpp(21,29): warning C4244: 'argument': conversion from 'T' to 'T', possible loss of data
C:\Users\jakes\OneDrive\Desktop\RedoGames\year1_game\flappy_bird\InputManager.cpp(21,29): warning C4244:         with
C:\Users\jakes\OneDrive\Desktop\RedoGames\year1_game\flappy_bird\InputManager.cpp(21,29): warning C4244:         [
C:\Users\jakes\OneDrive\Desktop\RedoGames\year1_game\flappy_bird\InputManager.cpp(21,29): warning C4244:             T=float
C:\Users\jakes\OneDrive\Desktop\RedoGames\year1_game\flappy_bird\InputManager.cpp(21,29): warning C4244:         ]
C:\Users\jakes\OneDrive\Desktop\RedoGames\year1_game\flappy_bird\InputManager.cpp(21,29): warning C4244:         and
C:\Users\jakes\OneDrive\Desktop\RedoGames\year1_game\flappy_bird\InputManager.cpp(21,29): warning C4244:         [
C:\Users\jakes\OneDrive\Desktop\RedoGames\year1_game\flappy_bird\InputManager.cpp(21,29): warning C4244:             T=int
C:\Users\jakes\OneDrive\Desktop\RedoGames\year1_game\flappy_bird\InputManager.cpp(21,29): warning C4244:         ]
C:\Users\jakes\OneDrive\Desktop\RedoGames\year1_game\flappy_bird\InputManager.cpp(20,25): warning C4244: 'argument': conversion from 'const T' to 'T', possible loss of data
C:\Users\jakes\OneDrive\Desktop\RedoGames\year1_game\flappy_bird\InputManager.cpp(20,25): warning C4244:         with
C:\Users\jakes\OneDrive\Desktop\RedoGames\year1_game\flappy_bird\InputManager.cpp(20,25): warning C4244:         [
C:\Users\jakes\OneDrive\Desktop\RedoGames\year1_game\flappy_bird\InputManager.cpp(20,25): warning C4244:             T=float
C:\Users\jakes\OneDrive\Desktop\RedoGames\year1_game\flappy_bird\InputManager.cpp(20,25): warning C4244:         ]
C:\Users\jakes\OneDrive\Desktop\RedoGames\year1_game\flappy_bird\InputManager.cpp(20,25): warning C4244:         and
C:\Users\jakes\OneDrive\Desktop\RedoGames\year1_game\flappy_bird\InputManager.cpp(20,25): warning C4244:         [
C:\Users\jakes\OneDrive\Desktop\RedoGames\year1_game\flappy_bird\InputManager.cpp(20,25): warning C4244:             T=int
C:\Users\jakes\OneDrive\Desktop\RedoGames\year1_game\flappy_bird\InputManager.cpp(20,25): warning C4244:         ]
C:\Users\jakes\OneDrive\Desktop\RedoGames\year1_game\flappy_bird\InputManager.cpp(19,25): warning C4244: 'argument': conversion from 'const T' to 'T', possible loss of data
C:\Users\jakes\OneDrive\Desktop\RedoGames\year1_game\flappy_bird\InputManager.cpp(19,25): warning C4244:         with
C:\Users\jakes\OneDrive\Desktop\RedoGames\year1_game\flappy_bird\InputManager.cpp(19,25): warning C4244:         [
C:\Users\jakes\OneDrive\Desktop\RedoGames\year1_game\flappy_bird\InputManager.cpp(19,25): warning C4244:             T=float
C:\Users\jakes\OneDrive\Desktop\RedoGames\year1_game\flappy_bird\InputManager.cpp(19,25): warning C4244:         ]
C:\Users\jakes\OneDrive\Desktop\RedoGames\year1_game\flappy_bird\InputManager.cpp(19,25): warning C4244:         and
C:\Users\jakes\OneDrive\Desktop\RedoGames\year1_game\flappy_bird\InputManager.cpp(19,25): warning C4244:         [
C:\Users\jakes\OneDrive\Desktop\RedoGames\year1_game\flappy_bird\InputManager.cpp(19,25): warning C4244:             T=int
C:\Users\jakes\OneDrive\Desktop\RedoGames\year1_game\flappy_bird\InputManager.cpp(19,25): warning C4244:         ]
  Land.cpp
C:\Users\jakes\OneDrive\Desktop\RedoGames\year1_game\flappy_bird\Land.cpp(30,46): warning C4244: 'argument': conversion from 'T' to 'T', possible loss of data
C:\Users\jakes\OneDrive\Desktop\RedoGames\year1_game\flappy_bird\Land.cpp(30,46): warning C4244:         with
C:\Users\jakes\OneDrive\Desktop\RedoGames\year1_game\flappy_bird\Land.cpp(30,46): warning C4244:         [
C:\Users\jakes\OneDrive\Desktop\RedoGames\year1_game\flappy_bird\Land.cpp(30,46): warning C4244:             T=unsigned int
C:\Users\jakes\OneDrive\Desktop\RedoGames\year1_game\flappy_bird\Land.cpp(30,46): warning C4244:         ]
C:\Users\jakes\OneDrive\Desktop\RedoGames\year1_game\flappy_bird\Land.cpp(30,46): warning C4244:         and
C:\Users\jakes\OneDrive\Desktop\RedoGames\year1_game\flappy_bird\Land.cpp(30,46): warning C4244:         [
C:\Users\jakes\OneDrive\Desktop\RedoGames\year1_game\flappy_bird\Land.cpp(30,46): warning C4244:             T=float
C:\Users\jakes\OneDrive\Desktop\RedoGames\year1_game\flappy_bird\Land.cpp(30,46): warning C4244:         ]
  Main.cpp
  MainMenuState.cpp
  Pipe.cpp
C:\Users\jakes\OneDrive\Desktop\RedoGames\year1_game\flappy_bird\Pipe.cpp(17,33): warning C4244: 'argument': conversion from 'T' to 'float', possible loss of data
C:\Users\jakes\OneDrive\Desktop\RedoGames\year1_game\flappy_bird\Pipe.cpp(17,33): warning C4244:         with
C:\Users\jakes\OneDrive\Desktop\RedoGames\year1_game\flappy_bird\Pipe.cpp(17,33): warning C4244:         [
C:\Users\jakes\OneDrive\Desktop\RedoGames\year1_game\flappy_bird\Pipe.cpp(17,33): warning C4244:             T=unsigned int
C:\Users\jakes\OneDrive\Desktop\RedoGames\year1_game\flappy_bird\Pipe.cpp(17,33): warning C4244:         ]
C:\Users\jakes\OneDrive\Desktop\RedoGames\year1_game\flappy_bird\Pipe.cpp(28,4): warning C4244: 'argument': conversion from 'int' to 'float', possible loss of data
C:\Users\jakes\OneDrive\Desktop\RedoGames\year1_game\flappy_bird\Pipe.cpp(27,33): warning C4244: 'argument': conversion from 'T' to 'float', possible loss of data
C:\Users\jakes\OneDrive\Desktop\RedoGames\year1_game\flappy_bird\Pipe.cpp(27,33): warning C4244:         with
C:\Users\jakes\OneDrive\Desktop\RedoGames\year1_game\flappy_bird\Pipe.cpp(27,33): warning C4244:         [
C:\Users\jakes\OneDrive\Desktop\RedoGames\year1_game\flappy_bird\Pipe.cpp(27,33): warning C4244:             T=unsigned int
C:\Users\jakes\OneDrive\Desktop\RedoGames\year1_game\flappy_bird\Pipe.cpp(27,33): warning C4244:         ]
C:\Users\jakes\OneDrive\Desktop\RedoGames\year1_game\flappy_bird\Pipe.cpp(37,33): warning C4244: 'argument': conversion from 'T' to 'float', possible loss of data
C:\Users\jakes\OneDrive\Desktop\RedoGames\year1_game\flappy_bird\Pipe.cpp(37,33): warning C4244:         with
C:\Users\jakes\OneDrive\Desktop\RedoGames\year1_game\flappy_bird\Pipe.cpp(37,33): warning C4244:         [
C:\Users\jakes\OneDrive\Desktop\RedoGames\year1_game\flappy_bird\Pipe.cpp(37,33): warning C4244:             T=unsigned int
C:\Users\jakes\OneDrive\Desktop\RedoGames\year1_game\flappy_bird\Pipe.cpp(37,33): warning C4244:         ]
C:\Users\jakes\OneDrive\Desktop\RedoGames\year1_game\flappy_bird\Pipe.cpp(107,33): warning C4244: 'argument': conversion from 'T' to 'float', possible loss of data
C:\Users\jakes\OneDrive\Desktop\RedoGames\year1_game\flappy_bird\Pipe.cpp(107,33): warning C4244:         with
C:\Users\jakes\OneDrive\Desktop\RedoGames\year1_game\flappy_bird\Pipe.cpp(107,33): warning C4244:         [
C:\Users\jakes\OneDrive\Desktop\RedoGames\year1_game\flappy_bird\Pipe.cpp(107,33): warning C4244:             T=unsigned int
C:\Users\jakes\OneDrive\Desktop\RedoGames\year1_game\flappy_bird\Pipe.cpp(107,33): warning C4244:         ]
  SplashState.cpp
  State.cpp
  StateMachine.cpp
  Generating Code...
  FLAPPY_BIRD.vcxproj -> C:\Users\jakes\OneDrive\Desktop\RedoGames\year1_game\flappy_bird\bin\Release\FLAPPY_BIRD.exe
