c:\users\jakes\onedrive\desktop\redogames\year1_game\space_invaders_build\lib\sfml\src\sfml\graphics\sfml-graphics.dir\debug\vc143.pdb
c:\users\jakes\onedrive\desktop\redogames\year1_game\space_invaders_build\lib\sfml\src\sfml\graphics\sfml-graphics.dir\debug\shape.obj
c:\users\jakes\onedrive\desktop\redogames\year1_game\space_invaders_build\lib\sfml\src\sfml\graphics\sfml-graphics.dir\debug\vertex.obj
c:\users\jakes\onedrive\desktop\redogames\year1_game\space_invaders_build\lib\sfml\src\sfml\graphics\sfml-graphics.dir\debug\view.obj
c:\users\jakes\onedrive\desktop\redogames\year1_game\space_invaders_build\lib\sfml\src\sfml\graphics\sfml-graphics.dir\debug\transformable.obj
c:\users\jakes\onedrive\desktop\redogames\year1_game\space_invaders_build\lib\sfml\src\sfml\graphics\sfml-graphics.dir\debug\transform.obj
c:\users\jakes\onedrive\desktop\redogames\year1_game\space_invaders_build\lib\sfml\src\sfml\graphics\sfml-graphics.dir\debug\texturesaver.obj
c:\users\jakes\onedrive\desktop\redogames\year1_game\space_invaders_build\lib\sfml\src\sfml\graphics\sfml-graphics.dir\debug\texture.obj
c:\users\jakes\onedrive\desktop\redogames\year1_game\space_invaders_build\lib\sfml\src\sfml\graphics\sfml-graphics.dir\debug\shader.obj
c:\users\jakes\onedrive\desktop\redogames\year1_game\space_invaders_build\lib\sfml\src\sfml\graphics\sfml-graphics.dir\debug\renderwindow.obj
c:\users\jakes\onedrive\desktop\redogames\year1_game\space_invaders_build\lib\sfml\src\sfml\graphics\sfml-graphics.dir\debug\rendertarget.obj
c:\users\jakes\onedrive\desktop\redogames\year1_game\space_invaders_build\lib\sfml\src\sfml\graphics\sfml-graphics.dir\debug\rendertexture.obj
c:\users\jakes\onedrive\desktop\redogames\year1_game\space_invaders_build\lib\sfml\src\sfml\graphics\sfml-graphics.dir\debug\renderstates.obj
c:\users\jakes\onedrive\desktop\redogames\year1_game\space_invaders_build\lib\sfml\src\sfml\graphics\sfml-graphics.dir\debug\imageloader.obj
c:\users\jakes\onedrive\desktop\redogames\year1_game\space_invaders_build\lib\sfml\src\sfml\graphics\sfml-graphics.dir\debug\image.obj
c:\users\jakes\onedrive\desktop\redogames\year1_game\space_invaders_build\lib\sfml\src\sfml\graphics\sfml-graphics.dir\debug\glextensions.obj
c:\users\jakes\onedrive\desktop\redogames\year1_game\space_invaders_build\lib\sfml\src\sfml\graphics\sfml-graphics.dir\debug\glcheck.obj
c:\users\jakes\onedrive\desktop\redogames\year1_game\space_invaders_build\lib\sfml\src\sfml\graphics\sfml-graphics.dir\debug\glsl.obj
c:\users\jakes\onedrive\desktop\redogames\year1_game\space_invaders_build\lib\sfml\src\sfml\graphics\sfml-graphics.dir\debug\font.obj
c:\users\jakes\onedrive\desktop\redogames\year1_game\space_invaders_build\lib\sfml\src\sfml\graphics\sfml-graphics.dir\debug\color.obj
c:\users\jakes\onedrive\desktop\redogames\year1_game\space_invaders_build\lib\sfml\src\sfml\graphics\sfml-graphics.dir\debug\blendmode.obj
c:\users\jakes\onedrive\desktop\redogames\year1_game\space_invaders_build\lib\sfml\src\sfml\graphics\sfml-graphics.dir\debug\rendertextureimpldefault.obj
c:\users\jakes\onedrive\desktop\redogames\year1_game\space_invaders_build\lib\sfml\src\sfml\graphics\sfml-graphics.dir\debug\rendertextureimplfbo.obj
c:\users\jakes\onedrive\desktop\redogames\year1_game\space_invaders_build\lib\sfml\src\sfml\graphics\sfml-graphics.dir\debug\rendertextureimpl.obj
c:\users\jakes\onedrive\desktop\redogames\year1_game\space_invaders_build\lib\sfml\src\sfml\graphics\sfml-graphics.dir\debug\vertexbuffer.obj
c:\users\jakes\onedrive\desktop\redogames\year1_game\space_invaders_build\lib\sfml\src\sfml\graphics\sfml-graphics.dir\debug\vertexarray.obj
c:\users\jakes\onedrive\desktop\redogames\year1_game\space_invaders_build\lib\sfml\src\sfml\graphics\sfml-graphics.dir\debug\text.obj
c:\users\jakes\onedrive\desktop\redogames\year1_game\space_invaders_build\lib\sfml\src\sfml\graphics\sfml-graphics.dir\debug\sprite.obj
c:\users\jakes\onedrive\desktop\redogames\year1_game\space_invaders_build\lib\sfml\src\sfml\graphics\sfml-graphics.dir\debug\convexshape.obj
c:\users\jakes\onedrive\desktop\redogames\year1_game\space_invaders_build\lib\sfml\src\sfml\graphics\sfml-graphics.dir\debug\rectangleshape.obj
c:\users\jakes\onedrive\desktop\redogames\year1_game\space_invaders_build\lib\sfml\src\sfml\graphics\sfml-graphics.dir\debug\circleshape.obj
c:\users\jakes\onedrive\desktop\redogames\year1_game\space_invaders_build\lib\sfml\src\sfml\graphics\cmakefiles\generate.stamp
c:\users\jakes\onedrive\desktop\redogames\year1_game\space_invaders_build\bin\debug\sfml-graphics-d-2.dll
c:\users\jakes\onedrive\desktop\redogames\year1_game\space_invaders_build\lib\sfml\lib\debug\sfml-graphics.pdb
c:\users\jakes\onedrive\desktop\redogames\year1_game\space_invaders_build\lib\sfml\src\sfml\graphics\sfml-graphics.dir\debug\sfml-graphics.res
c:\users\jakes\onedrive\desktop\redogames\year1_game\space_invaders_build\lib\sfml\lib\debug\sfml-graphics-d.lib
c:\users\jakes\onedrive\desktop\redogames\year1_game\space_invaders_build\lib\sfml\lib\debug\sfml-graphics-d.exp
c:\users\jakes\onedrive\desktop\redogames\year1_game\space_invaders_build\lib\sfml\src\sfml\graphics\sfml-graphics.dir\debug\sfml-graphics-d-2.ilk
c:\users\jakes\onedrive\desktop\redogames\year1_game\space_invaders_build\lib\sfml\src\sfml\graphics\sfml-graphics.dir\debug\sfml-graphics.tlog\cl.command.1.tlog
c:\users\jakes\onedrive\desktop\redogames\year1_game\space_invaders_build\lib\sfml\src\sfml\graphics\sfml-graphics.dir\debug\sfml-graphics.tlog\cl.items.tlog
c:\users\jakes\onedrive\desktop\redogames\year1_game\space_invaders_build\lib\sfml\src\sfml\graphics\sfml-graphics.dir\debug\sfml-graphics.tlog\cl.read.1.tlog
c:\users\jakes\onedrive\desktop\redogames\year1_game\space_invaders_build\lib\sfml\src\sfml\graphics\sfml-graphics.dir\debug\sfml-graphics.tlog\cl.write.1.tlog
c:\users\jakes\onedrive\desktop\redogames\year1_game\space_invaders_build\lib\sfml\src\sfml\graphics\sfml-graphics.dir\debug\sfml-graphics.tlog\custombuild.command.1.tlog
c:\users\jakes\onedrive\desktop\redogames\year1_game\space_invaders_build\lib\sfml\src\sfml\graphics\sfml-graphics.dir\debug\sfml-graphics.tlog\custombuild.read.1.tlog
c:\users\jakes\onedrive\desktop\redogames\year1_game\space_invaders_build\lib\sfml\src\sfml\graphics\sfml-graphics.dir\debug\sfml-graphics.tlog\custombuild.write.1.tlog
c:\users\jakes\onedrive\desktop\redogames\year1_game\space_invaders_build\lib\sfml\src\sfml\graphics\sfml-graphics.dir\debug\sfml-graphics.tlog\link.command.1.tlog
c:\users\jakes\onedrive\desktop\redogames\year1_game\space_invaders_build\lib\sfml\src\sfml\graphics\sfml-graphics.dir\debug\sfml-graphics.tlog\link.read.1.tlog
c:\users\jakes\onedrive\desktop\redogames\year1_game\space_invaders_build\lib\sfml\src\sfml\graphics\sfml-graphics.dir\debug\sfml-graphics.tlog\link.secondary.1.tlog
c:\users\jakes\onedrive\desktop\redogames\year1_game\space_invaders_build\lib\sfml\src\sfml\graphics\sfml-graphics.dir\debug\sfml-graphics.tlog\link.write.1.tlog
c:\users\jakes\onedrive\desktop\redogames\year1_game\space_invaders_build\lib\sfml\src\sfml\graphics\sfml-graphics.dir\debug\sfml-graphics.tlog\rc.command.1.tlog
c:\users\jakes\onedrive\desktop\redogames\year1_game\space_invaders_build\lib\sfml\src\sfml\graphics\sfml-graphics.dir\debug\sfml-graphics.tlog\rc.read.1.tlog
c:\users\jakes\onedrive\desktop\redogames\year1_game\space_invaders_build\lib\sfml\src\sfml\graphics\sfml-graphics.dir\debug\sfml-graphics.tlog\rc.write.1.tlog
