c:\users\jakes\onedrive\desktop\redogames\year1_game\space_invaders_build\lib\sfml\src\sfml\window\sfml-window.dir\debug\vc143.pdb
c:\users\jakes\onedrive\desktop\redogames\year1_game\space_invaders_build\lib\sfml\src\sfml\window\sfml-window.dir\debug\inputimpl.obj
c:\users\jakes\onedrive\desktop\redogames\year1_game\space_invaders_build\lib\sfml\src\sfml\window\sfml-window.dir\debug\clipboardimpl.obj
c:\users\jakes\onedrive\desktop\redogames\year1_game\space_invaders_build\lib\sfml\src\sfml\window\sfml-window.dir\debug\cursorimpl.obj
c:\users\jakes\onedrive\desktop\redogames\year1_game\space_invaders_build\lib\sfml\src\sfml\window\sfml-window.dir\debug\windowimpl.obj
c:\users\jakes\onedrive\desktop\redogames\year1_game\space_invaders_build\lib\sfml\src\sfml\window\sfml-window.dir\debug\windowbase.obj
c:\users\jakes\onedrive\desktop\redogames\year1_game\space_invaders_build\lib\sfml\src\sfml\window\sfml-window.dir\debug\window.obj
c:\users\jakes\onedrive\desktop\redogames\year1_game\space_invaders_build\lib\sfml\src\sfml\window\sfml-window.dir\debug\vulkan.obj
c:\users\jakes\onedrive\desktop\redogames\year1_game\space_invaders_build\lib\sfml\src\sfml\window\sfml-window.dir\debug\videomode.obj
c:\users\jakes\onedrive\desktop\redogames\year1_game\space_invaders_build\lib\sfml\src\sfml\window\sfml-window.dir\debug\sensormanager.obj
c:\users\jakes\onedrive\desktop\redogames\year1_game\space_invaders_build\lib\sfml\src\sfml\window\sfml-window.dir\debug\sensor.obj
c:\users\jakes\onedrive\desktop\redogames\year1_game\space_invaders_build\lib\sfml\src\sfml\window\sfml-window.dir\debug\touch.obj
c:\users\jakes\onedrive\desktop\redogames\year1_game\space_invaders_build\lib\sfml\src\sfml\window\sfml-window.dir\debug\mouse.obj
c:\users\jakes\onedrive\desktop\redogames\year1_game\space_invaders_build\lib\sfml\src\sfml\window\sfml-window.dir\debug\keyboard.obj
c:\users\jakes\onedrive\desktop\redogames\year1_game\space_invaders_build\lib\sfml\src\sfml\window\sfml-window.dir\debug\joystickmanager.obj
c:\users\jakes\onedrive\desktop\redogames\year1_game\space_invaders_build\lib\sfml\src\sfml\window\sfml-window.dir\debug\joystick.obj
c:\users\jakes\onedrive\desktop\redogames\year1_game\space_invaders_build\lib\sfml\src\sfml\window\sfml-window.dir\debug\glresource.obj
c:\users\jakes\onedrive\desktop\redogames\year1_game\space_invaders_build\lib\sfml\src\sfml\window\sfml-window.dir\debug\glcontext.obj
c:\users\jakes\onedrive\desktop\redogames\year1_game\space_invaders_build\lib\sfml\src\sfml\window\sfml-window.dir\debug\cursor.obj
c:\users\jakes\onedrive\desktop\redogames\year1_game\space_invaders_build\lib\sfml\src\sfml\window\sfml-window.dir\debug\context.obj
c:\users\jakes\onedrive\desktop\redogames\year1_game\space_invaders_build\lib\sfml\src\sfml\window\sfml-window.dir\debug\clipboard.obj
c:\users\jakes\onedrive\desktop\redogames\year1_game\space_invaders_build\lib\sfml\src\sfml\window\sfml-window.dir\debug\wglcontext.obj
c:\users\jakes\onedrive\desktop\redogames\year1_game\space_invaders_build\lib\sfml\src\sfml\window\sfml-window.dir\debug\windowimplwin32.obj
c:\users\jakes\onedrive\desktop\redogames\year1_game\space_invaders_build\lib\sfml\src\sfml\window\sfml-window.dir\debug\vulkanimplwin32.obj
c:\users\jakes\onedrive\desktop\redogames\year1_game\space_invaders_build\lib\sfml\src\sfml\window\sfml-window.dir\debug\videomodeimpl.obj
c:\users\jakes\onedrive\desktop\redogames\year1_game\space_invaders_build\lib\sfml\src\sfml\window\sfml-window.dir\debug\sensorimpl.obj
c:\users\jakes\onedrive\desktop\redogames\year1_game\space_invaders_build\lib\sfml\src\sfml\window\sfml-window.dir\debug\joystickimpl.obj
c:\users\jakes\onedrive\desktop\redogames\year1_game\space_invaders_build\lib\sfml\src\sfml\window\cmakefiles\generate.stamp
c:\users\jakes\onedrive\desktop\redogames\year1_game\space_invaders_build\bin\debug\sfml-window-d-2.dll
c:\users\jakes\onedrive\desktop\redogames\year1_game\space_invaders_build\lib\sfml\lib\debug\sfml-window.pdb
c:\users\jakes\onedrive\desktop\redogames\year1_game\space_invaders_build\lib\sfml\src\sfml\window\sfml-window.dir\debug\sfml-window.res
c:\users\jakes\onedrive\desktop\redogames\year1_game\space_invaders_build\lib\sfml\lib\debug\sfml-window-d.lib
c:\users\jakes\onedrive\desktop\redogames\year1_game\space_invaders_build\lib\sfml\lib\debug\sfml-window-d.exp
c:\users\jakes\onedrive\desktop\redogames\year1_game\space_invaders_build\lib\sfml\src\sfml\window\sfml-window.dir\debug\sfml-window-d-2.ilk
c:\users\jakes\onedrive\desktop\redogames\year1_game\space_invaders_build\lib\sfml\src\sfml\window\sfml-window.dir\debug\sfml-window.tlog\cl.command.1.tlog
c:\users\jakes\onedrive\desktop\redogames\year1_game\space_invaders_build\lib\sfml\src\sfml\window\sfml-window.dir\debug\sfml-window.tlog\cl.items.tlog
c:\users\jakes\onedrive\desktop\redogames\year1_game\space_invaders_build\lib\sfml\src\sfml\window\sfml-window.dir\debug\sfml-window.tlog\cl.read.1.tlog
c:\users\jakes\onedrive\desktop\redogames\year1_game\space_invaders_build\lib\sfml\src\sfml\window\sfml-window.dir\debug\sfml-window.tlog\cl.write.1.tlog
c:\users\jakes\onedrive\desktop\redogames\year1_game\space_invaders_build\lib\sfml\src\sfml\window\sfml-window.dir\debug\sfml-window.tlog\custombuild.command.1.tlog
c:\users\jakes\onedrive\desktop\redogames\year1_game\space_invaders_build\lib\sfml\src\sfml\window\sfml-window.dir\debug\sfml-window.tlog\custombuild.read.1.tlog
c:\users\jakes\onedrive\desktop\redogames\year1_game\space_invaders_build\lib\sfml\src\sfml\window\sfml-window.dir\debug\sfml-window.tlog\custombuild.write.1.tlog
c:\users\jakes\onedrive\desktop\redogames\year1_game\space_invaders_build\lib\sfml\src\sfml\window\sfml-window.dir\debug\sfml-window.tlog\link.command.1.tlog
c:\users\jakes\onedrive\desktop\redogames\year1_game\space_invaders_build\lib\sfml\src\sfml\window\sfml-window.dir\debug\sfml-window.tlog\link.read.1.tlog
c:\users\jakes\onedrive\desktop\redogames\year1_game\space_invaders_build\lib\sfml\src\sfml\window\sfml-window.dir\debug\sfml-window.tlog\link.secondary.1.tlog
c:\users\jakes\onedrive\desktop\redogames\year1_game\space_invaders_build\lib\sfml\src\sfml\window\sfml-window.dir\debug\sfml-window.tlog\link.write.1.tlog
c:\users\jakes\onedrive\desktop\redogames\year1_game\space_invaders_build\lib\sfml\src\sfml\window\sfml-window.dir\debug\sfml-window.tlog\rc.command.1.tlog
c:\users\jakes\onedrive\desktop\redogames\year1_game\space_invaders_build\lib\sfml\src\sfml\window\sfml-window.dir\debug\sfml-window.tlog\rc.read.1.tlog
c:\users\jakes\onedrive\desktop\redogames\year1_game\space_invaders_build\lib\sfml\src\sfml\window\sfml-window.dir\debug\sfml-window.tlog\rc.write.1.tlog
