c:\users\jakes\onedrive\desktop\redogames\year1_game\flappy_bird\flappy_bird.dir\debug\vc143.pdb
c:\users\jakes\onedrive\desktop\redogames\year1_game\flappy_bird\flappy_bird.dir\debug\statemachine.obj
c:\users\jakes\onedrive\desktop\redogames\year1_game\flappy_bird\flappy_bird.dir\debug\state.obj
c:\users\jakes\onedrive\desktop\redogames\year1_game\flappy_bird\flappy_bird.dir\debug\main.obj
c:\users\jakes\onedrive\desktop\redogames\year1_game\flappy_bird\flappy_bird.dir\debug\inputmanager.obj
c:\users\jakes\onedrive\desktop\redogames\year1_game\flappy_bird\flappy_bird.dir\debug\game.obj
c:\users\jakes\onedrive\desktop\redogames\year1_game\flappy_bird\flappy_bird.dir\debug\assetmanager.obj
c:\users\jakes\onedrive\desktop\redogames\year1_game\flappy_bird\flappy_bird.dir\debug\cmakecxxcompilerid.obj
c:\users\jakes\onedrive\desktop\redogames\year1_game\flappy_bird\flappy_bird.dir\debug\splashstate.obj
c:\users\jakes\onedrive\desktop\redogames\year1_game\flappy_bird\cmakefiles\generate.stamp
c:\users\jakes\onedrive\desktop\redogames\year1_game\flappy_bird\bin\debug\flappy_bird.exe
c:\users\jakes\onedrive\desktop\redogames\year1_game\flappy_bird\bin\debug\flappy_bird.pdb
c:\users\jakes\onedrive\desktop\redogames\year1_game\flappy_bird\flappy_bird.dir\debug\flappy_bird.ilk
c:\users\jakes\onedrive\desktop\redogames\year1_game\flappy_bird\flappy_bird.dir\debug\flappy_bird.tlog\cl.command.1.tlog
c:\users\jakes\onedrive\desktop\redogames\year1_game\flappy_bird\flappy_bird.dir\debug\flappy_bird.tlog\cl.items.tlog
c:\users\jakes\onedrive\desktop\redogames\year1_game\flappy_bird\flappy_bird.dir\debug\flappy_bird.tlog\cl.read.1.tlog
c:\users\jakes\onedrive\desktop\redogames\year1_game\flappy_bird\flappy_bird.dir\debug\flappy_bird.tlog\cl.write.1.tlog
c:\users\jakes\onedrive\desktop\redogames\year1_game\flappy_bird\flappy_bird.dir\debug\flappy_bird.tlog\custombuild.command.1.tlog
c:\users\jakes\onedrive\desktop\redogames\year1_game\flappy_bird\flappy_bird.dir\debug\flappy_bird.tlog\custombuild.read.1.tlog
c:\users\jakes\onedrive\desktop\redogames\year1_game\flappy_bird\flappy_bird.dir\debug\flappy_bird.tlog\custombuild.write.1.tlog
c:\users\jakes\onedrive\desktop\redogames\year1_game\flappy_bird\flappy_bird.dir\debug\flappy_bird.tlog\link.command.1.tlog
c:\users\jakes\onedrive\desktop\redogames\year1_game\flappy_bird\flappy_bird.dir\debug\flappy_bird.tlog\link.read.1.tlog
c:\users\jakes\onedrive\desktop\redogames\year1_game\flappy_bird\flappy_bird.dir\debug\flappy_bird.tlog\link.secondary.1.tlog
c:\users\jakes\onedrive\desktop\redogames\year1_game\flappy_bird\flappy_bird.dir\debug\flappy_bird.tlog\link.write.1.tlog
