  Main.cpp
  GameOverState.cpp
  GameState.cpp
  Land.cpp
  MainMenuState.cpp
C:\Users\jakes\OneDrive\Desktop\RedoGames\year1_game\flappy_bird\Land.cpp(30,46): warning C4244: 'argument': conversion from 'T' to 'T', possible loss of data
C:\Users\jakes\OneDrive\Desktop\RedoGames\year1_game\flappy_bird\Land.cpp(30,46): warning C4244:         with
C:\Users\jakes\OneDrive\Desktop\RedoGames\year1_game\flappy_bird\Land.cpp(30,46): warning C4244:         [
C:\Users\jakes\OneDrive\Desktop\RedoGames\year1_game\flappy_bird\Land.cpp(30,46): warning C4244:             T=unsigned int
C:\Users\jakes\OneDrive\Desktop\RedoGames\year1_game\flappy_bird\Land.cpp(30,46): warning C4244:         ]
C:\Users\jakes\OneDrive\Desktop\RedoGames\year1_game\flappy_bird\Land.cpp(30,46): warning C4244:         and
C:\Users\jakes\OneDrive\Desktop\RedoGames\year1_game\flappy_bird\Land.cpp(30,46): warning C4244:         [
C:\Users\jakes\OneDrive\Desktop\RedoGames\year1_game\flappy_bird\Land.cpp(30,46): warning C4244:             T=float
C:\Users\jakes\OneDrive\Desktop\RedoGames\year1_game\flappy_bird\Land.cpp(30,46): warning C4244:         ]
  Pipe.cpp
C:\Users\jakes\OneDrive\Desktop\RedoGames\year1_game\flappy_bird\Pipe.cpp(20,33): warning C4244: 'argument': conversion from 'T' to 'float', possible loss of data
C:\Users\jakes\OneDrive\Desktop\RedoGames\year1_game\flappy_bird\Pipe.cpp(20,33): warning C4244:         with
C:\Users\jakes\OneDrive\Desktop\RedoGames\year1_game\flappy_bird\Pipe.cpp(20,33): warning C4244:         [
C:\Users\jakes\OneDrive\Desktop\RedoGames\year1_game\flappy_bird\Pipe.cpp(20,33): warning C4244:             T=unsigned int
C:\Users\jakes\OneDrive\Desktop\RedoGames\year1_game\flappy_bird\Pipe.cpp(20,33): warning C4244:         ]
C:\Users\jakes\OneDrive\Desktop\RedoGames\year1_game\flappy_bird\Pipe.cpp(30,33): warning C4244: 'argument': conversion from 'T' to 'float', possible loss of data
C:\Users\jakes\OneDrive\Desktop\RedoGames\year1_game\flappy_bird\Pipe.cpp(30,33): warning C4244:         with
C:\Users\jakes\OneDrive\Desktop\RedoGames\year1_game\flappy_bird\Pipe.cpp(30,33): warning C4244:         [
C:\Users\jakes\OneDrive\Desktop\RedoGames\year1_game\flappy_bird\Pipe.cpp(30,33): warning C4244:             T=unsigned int
C:\Users\jakes\OneDrive\Desktop\RedoGames\year1_game\flappy_bird\Pipe.cpp(30,33): warning C4244:         ]
C:\Users\jakes\OneDrive\Desktop\RedoGames\year1_game\flappy_bird\Pipe.cpp(40,33): warning C4244: 'argument': conversion from 'T' to 'float', possible loss of data
C:\Users\jakes\OneDrive\Desktop\RedoGames\year1_game\flappy_bird\Pipe.cpp(40,33): warning C4244:         with
C:\Users\jakes\OneDrive\Desktop\RedoGames\year1_game\flappy_bird\Pipe.cpp(40,33): warning C4244:         [
C:\Users\jakes\OneDrive\Desktop\RedoGames\year1_game\flappy_bird\Pipe.cpp(40,33): warning C4244:             T=unsigned int
C:\Users\jakes\OneDrive\Desktop\RedoGames\year1_game\flappy_bird\Pipe.cpp(40,33): warning C4244:         ]
  SplashState.cpp
  Generating Code...
  FLAPPY_BIRD.vcxproj -> C:\Users\jakes\OneDrive\Desktop\RedoGames\year1_game\flappy_bird\bin\Debug\FLAPPY_BIRD.exe
