  Building Custom Rule C:/Users/jakes/OneDrive/Desktop/RedoGames/year1_game/lib/sfml/src/SFML/System/CMakeLists.txt
  Clock.cpp
  Err.cpp
  Lock.cpp
  Mutex.cpp
  Sleep.cpp
  String.cpp
  Thread.cpp
  ThreadLocal.cpp
  Time.cpp
  FileInputStream.cpp
  MemoryInputStream.cpp
  ClockImpl.cpp
  MutexImpl.cpp
  SleepImpl.cpp
  ThreadImpl.cpp
  ThreadLocalImpl.cpp
  Generating Code...
     Creating library C:/Users/jakes/OneDrive/Desktop/RedoGames/year1_game/space_invaders_build/lib/sfml/lib/Debug/sfml-system-d.lib and object C:/Users/jakes/OneDrive/Desktop/RedoGames/year1_game/space_invaders_build/lib/sfml/lib/Debug/sfml-system-d.exp
  sfml-system.vcxproj -> C:\Users\jakes\OneDrive\Desktop\RedoGames\year1_game\space_invaders_build\bin\Debug\sfml-system-d-2.dll
