c:\users\jakes\onedrive\desktop\redogames\year1_game\space_invaders_build\flappy_bird.dir\debug\vc143.pdb
c:\users\jakes\onedrive\desktop\redogames\year1_game\space_invaders_build\flappy_bird.dir\debug\statemachine.obj
c:\users\jakes\onedrive\desktop\redogames\year1_game\space_invaders_build\flappy_bird.dir\debug\state.obj
c:\users\jakes\onedrive\desktop\redogames\year1_game\space_invaders_build\flappy_bird.dir\debug\main.obj
c:\users\jakes\onedrive\desktop\redogames\year1_game\space_invaders_build\flappy_bird.dir\debug\inputmanager.obj
c:\users\jakes\onedrive\desktop\redogames\year1_game\space_invaders_build\flappy_bird.dir\debug\game.obj
c:\users\jakes\onedrive\desktop\redogames\year1_game\space_invaders_build\flappy_bird.dir\debug\cmakecxxcompilerid.obj
c:\users\jakes\onedrive\desktop\redogames\year1_game\space_invaders_build\flappy_bird.dir\debug\assetmanager.obj
c:\users\jakes\onedrive\desktop\redogames\year1_game\space_invaders_build\cmakefiles\generate.stamp
c:\users\jakes\onedrive\desktop\redogames\year1_game\space_invaders_build\bin\debug\flappy_bird.pdb
c:\users\jakes\onedrive\desktop\redogames\year1_game\space_invaders_build\flappy_bird.dir\debug\flappy_bird.tlog\cl.command.1.tlog
c:\users\jakes\onedrive\desktop\redogames\year1_game\space_invaders_build\flappy_bird.dir\debug\flappy_bird.tlog\cl.read.1.tlog
c:\users\jakes\onedrive\desktop\redogames\year1_game\space_invaders_build\flappy_bird.dir\debug\flappy_bird.tlog\cl.write.1.tlog
c:\users\jakes\onedrive\desktop\redogames\year1_game\space_invaders_build\flappy_bird.dir\debug\flappy_bird.tlog\custombuild.command.1.tlog
c:\users\jakes\onedrive\desktop\redogames\year1_game\space_invaders_build\flappy_bird.dir\debug\flappy_bird.tlog\custombuild.read.1.tlog
c:\users\jakes\onedrive\desktop\redogames\year1_game\space_invaders_build\flappy_bird.dir\debug\flappy_bird.tlog\custombuild.write.1.tlog
c:\users\jakes\onedrive\desktop\redogames\year1_game\space_invaders_build\flappy_bird.dir\debug\flappy_bird.tlog\link-cvtres.read.1.tlog
c:\users\jakes\onedrive\desktop\redogames\year1_game\space_invaders_build\flappy_bird.dir\debug\flappy_bird.tlog\link-cvtres.write.1.tlog
c:\users\jakes\onedrive\desktop\redogames\year1_game\space_invaders_build\flappy_bird.dir\debug\flappy_bird.tlog\link-rc.read.1.tlog
c:\users\jakes\onedrive\desktop\redogames\year1_game\space_invaders_build\flappy_bird.dir\debug\flappy_bird.tlog\link-rc.write.1.tlog
c:\users\jakes\onedrive\desktop\redogames\year1_game\space_invaders_build\flappy_bird.dir\debug\flappy_bird.tlog\link.command.1.tlog
c:\users\jakes\onedrive\desktop\redogames\year1_game\space_invaders_build\flappy_bird.dir\debug\flappy_bird.tlog\link.read.1.tlog
c:\users\jakes\onedrive\desktop\redogames\year1_game\space_invaders_build\flappy_bird.dir\debug\flappy_bird.tlog\link.read.2.tlog
c:\users\jakes\onedrive\desktop\redogames\year1_game\space_invaders_build\flappy_bird.dir\debug\flappy_bird.tlog\link.read.3.tlog
c:\users\jakes\onedrive\desktop\redogames\year1_game\space_invaders_build\flappy_bird.dir\debug\flappy_bird.tlog\link.write.1.tlog
