c:\users\jakes\onedrive\desktop\redogames\year1_game\flappy_bird\space_invaders.dir\debug\vc143.pdb
c:\users\jakes\onedrive\desktop\redogames\year1_game\flappy_bird\space_invaders.dir\debug\ship.obj
c:\users\jakes\onedrive\desktop\redogames\year1_game\flappy_bird\space_invaders.dir\debug\main.obj
c:\users\jakes\onedrive\desktop\redogames\year1_game\flappy_bird\space_invaders.dir\debug\invader.obj
c:\users\jakes\onedrive\desktop\redogames\year1_game\flappy_bird\space_invaders.dir\debug\bullet.obj
c:\users\jakes\onedrive\desktop\redogames\year1_game\flappy_bird\cmakefiles\generate.stamp
c:\users\jakes\onedrive\desktop\redogames\year1_game\flappy_bird\bin\debug\space_invaders.pdb
c:\users\jakes\onedrive\desktop\redogames\year1_game\flappy_bird\space_invaders.dir\debug\space_invaders.tlog\cl.command.1.tlog
c:\users\jakes\onedrive\desktop\redogames\year1_game\flappy_bird\space_invaders.dir\debug\space_invaders.tlog\cl.read.1.tlog
c:\users\jakes\onedrive\desktop\redogames\year1_game\flappy_bird\space_invaders.dir\debug\space_invaders.tlog\cl.write.1.tlog
c:\users\jakes\onedrive\desktop\redogames\year1_game\flappy_bird\space_invaders.dir\debug\space_invaders.tlog\custombuild.command.1.tlog
c:\users\jakes\onedrive\desktop\redogames\year1_game\flappy_bird\space_invaders.dir\debug\space_invaders.tlog\custombuild.read.1.tlog
c:\users\jakes\onedrive\desktop\redogames\year1_game\flappy_bird\space_invaders.dir\debug\space_invaders.tlog\custombuild.write.1.tlog
c:\users\jakes\onedrive\desktop\redogames\year1_game\flappy_bird\space_invaders.dir\debug\space_invaders.tlog\link-cvtres.read.1.tlog
c:\users\jakes\onedrive\desktop\redogames\year1_game\flappy_bird\space_invaders.dir\debug\space_invaders.tlog\link-cvtres.write.1.tlog
c:\users\jakes\onedrive\desktop\redogames\year1_game\flappy_bird\space_invaders.dir\debug\space_invaders.tlog\link-rc.read.1.tlog
c:\users\jakes\onedrive\desktop\redogames\year1_game\flappy_bird\space_invaders.dir\debug\space_invaders.tlog\link-rc.write.1.tlog
c:\users\jakes\onedrive\desktop\redogames\year1_game\flappy_bird\space_invaders.dir\debug\space_invaders.tlog\link.command.1.tlog
c:\users\jakes\onedrive\desktop\redogames\year1_game\flappy_bird\space_invaders.dir\debug\space_invaders.tlog\link.read.1.tlog
c:\users\jakes\onedrive\desktop\redogames\year1_game\flappy_bird\space_invaders.dir\debug\space_invaders.tlog\link.read.2.tlog
c:\users\jakes\onedrive\desktop\redogames\year1_game\flappy_bird\space_invaders.dir\debug\space_invaders.tlog\link.read.3.tlog
c:\users\jakes\onedrive\desktop\redogames\year1_game\flappy_bird\space_invaders.dir\debug\space_invaders.tlog\link.write.1.tlog
